running histogram estimation
File metaAndconfig/KmerGenie/Gpigra_4616STDY8352654_KmerGenie.config starts with character "t", hence is interpreted as a list of file names
Reading 2 read files
Linear estimation: ~14022 M distinct 71-mers are in the reads
K-mer sampling: 1/2674
going to estimate histograms for values of k: 121 115 109 103 97 91 85 79 73 67 61 55 49 43 37 31 25 
fitting model to histograms to estimate best k
could not fit reports/KmerGenie/Gpigra_4616STDY8352654-k121.histo
could not fit reports/KmerGenie/Gpigra_4616STDY8352654-k115.histo
estimation of the best k so far: 79
refining estimation around [73; 85], with a step of 2
running histogram estimation
File metaAndconfig/KmerGenie/Gpigra_4616STDY8352654_KmerGenie.config starts with character "t", hence is interpreted as a list of file names
Reading 2 read files
Linear estimation: ~17516 M distinct 53-mers are in the reads
K-mer sampling: 1/3341
going to estimate histograms for values of k: 85 83 81 79 77 75 73 
fitting model to histograms to estimate best k
could not fit reports/KmerGenie/Gpigra_4616STDY8352654-k115.histo
could not fit reports/KmerGenie/Gpigra_4616STDY8352654-k121.histo
table of predicted num. of genomic k-mers: reports/KmerGenie/Gpigra_4616STDY8352654.dat
recommended coverage cut-off for best k: 1
best k: 81
