running histogram estimation
File metaAndconfig/KmerGenie/Llepadogaster_D86_KmerGenie.config starts with character "t", hence is interpreted as a list of file names
Reading 2 read files
Linear estimation: ~18299 M distinct 71-mers are in the reads
K-mer sampling: 1/3490
going to estimate histograms for values of k: 121 115 109 103 97 91 85 79 73 67 61 55 49 43 37 31 25 
fitting model to histograms to estimate best k
could not fit reports/KmerGenie/Llepadogaster_D86-k103.histo
could not fit reports/KmerGenie/Llepadogaster_D86-k109.histo
could not fit reports/KmerGenie/Llepadogaster_D86-k121.histo
could not fit reports/KmerGenie/Llepadogaster_D86-k115.histo
estimation of the best k so far: 91
refining estimation around [85; 97], with a step of 2
running histogram estimation
File metaAndconfig/KmerGenie/Llepadogaster_D86_KmerGenie.config starts with character "t", hence is interpreted as a list of file names
Reading 2 read files
Linear estimation: ~21114 M distinct 59-mers are in the reads
K-mer sampling: 1/4027
going to estimate histograms for values of k: 97 95 93 91 89 87 85 
fitting model to histograms to estimate best k
could not fit reports/KmerGenie/Llepadogaster_D86-k103.histo
could not fit reports/KmerGenie/Llepadogaster_D86-k121.histo
could not fit reports/KmerGenie/Llepadogaster_D86-k115.histo
could not fit reports/KmerGenie/Llepadogaster_D86-k109.histo
table of predicted num. of genomic k-mers: reports/KmerGenie/Llepadogaster_D86.dat
recommended coverage cut-off for best k: 1
best k: 87
